android/app/build/intermediates/manifest_merge_blame_file/debug/manifest-merger-blame-debug-report.txt
1<?xml version="1.0" encoding="utf-8"?>
2<manifest xmlns:android="http://schemas.android.com/apk/res/android"
3    package="com.magghub"
4    android:versionCode="1"
5    android:versionName="1.0" >
6
7    <uses-sdk
8        android:minSdkVersion="21"
9        android:targetSdkVersion="34" />
10
11    <uses-permission android:name="android.permission.INTERNET" />
11-->src/main/AndroidManifest.xml:3:5-67
11-->src/main/AndroidManifest.xml:3:22-64
12    <uses-permission android:name="android.permission.CAMERA" />
12-->src/main/AndroidManifest.xml:4:4-64
12-->src/main/AndroidManifest.xml:4:21-61
13    <uses-permission android:name="android.permission.READ_EXTERNAL_STORAGE" />
13-->src/main/AndroidManifest.xml:5:5-80
13-->src/main/AndroidManifest.xml:5:22-77
14    <uses-permission android:name="android.permission.WRITE_EXTERNAL_STORAGE" />
14-->src/main/AndroidManifest.xml:6:5-81
14-->src/main/AndroidManifest.xml:6:22-78
15
16    <queries>
16-->[:react-native-image-crop-picker] AndroidManifest.xml:7:5-11:15
17        <intent>
17-->[:react-native-image-crop-picker] AndroidManifest.xml:8:9-10:18
18            <action android:name="android.media.action.IMAGE_CAPTURE" />
18-->[:react-native-image-crop-picker] AndroidManifest.xml:9:13-73
18-->[:react-native-image-crop-picker] AndroidManifest.xml:9:21-70
19        </intent>
20    </queries>
21    <!--
22    This manifest file is used only by Gradle to configure debug-only capabilities
23    for React Native Apps.
24    -->
25    <uses-permission android:name="android.permission.SYSTEM_ALERT_WINDOW" />
25-->[com.facebook.react:react-android:0.73.6] AndroidManifest.xml:16:5-78
25-->[com.facebook.react:react-android:0.73.6] AndroidManifest.xml:16:22-75
26    <uses-permission android:name="android.permission.ACCESS_WIFI_STATE" />
26-->[com.facebook.flipper:flipper:0.201.0] AndroidManifest.xml:14:5-76
26-->[com.facebook.flipper:flipper:0.201.0] AndroidManifest.xml:14:22-73
27
28    <permission
28-->[androidx.core:core:1.9.0] AndroidManifest.xml:22:5-24:47
29        android:name="com.magghub.DYNAMIC_RECEIVER_NOT_EXPORTED_PERMISSION"
29-->[androidx.core:core:1.9.0] AndroidManifest.xml:23:9-81
30        android:protectionLevel="signature" />
30-->[androidx.core:core:1.9.0] AndroidManifest.xml:24:9-44
31
32    <uses-permission android:name="com.magghub.DYNAMIC_RECEIVER_NOT_EXPORTED_PERMISSION" />
32-->[androidx.core:core:1.9.0] AndroidManifest.xml:26:5-97
32-->[androidx.core:core:1.9.0] AndroidManifest.xml:26:22-94
33
34    <application
34-->src/main/AndroidManifest.xml:9:5-28:19
35        android:name="com.magghub.MainApplication"
35-->src/main/AndroidManifest.xml:10:7-38
36        android:allowBackup="false"
36-->src/main/AndroidManifest.xml:14:7-34
37        android:appComponentFactory="androidx.core.app.CoreComponentFactory"
37-->[androidx.core:core:1.9.0] AndroidManifest.xml:28:18-86
38        android:debuggable="true"
39        android:extractNativeLibs="true"
40        android:icon="@mipmap/ic_launcher"
40-->src/main/AndroidManifest.xml:12:7-41
41        android:label="@string/app_name"
41-->src/main/AndroidManifest.xml:11:7-39
42        android:roundIcon="@mipmap/ic_launcher_round"
42-->src/main/AndroidManifest.xml:13:7-52
43        android:theme="@style/AppTheme"
43-->src/main/AndroidManifest.xml:15:7-38
44        android:usesCleartextTraffic="true" >
44-->src/debug/AndroidManifest.xml:6:9-44
45        <activity
45-->src/main/AndroidManifest.xml:16:7-27:18
46            android:name="com.magghub.MainActivity"
46-->src/main/AndroidManifest.xml:17:9-37
47            android:configChanges="keyboard|keyboardHidden|orientation|screenLayout|screenSize|smallestScreenSize|uiMode"
47-->src/main/AndroidManifest.xml:19:9-118
48            android:exported="true"
48-->src/main/AndroidManifest.xml:22:9-32
49            android:label="@string/app_name"
49-->src/main/AndroidManifest.xml:18:9-41
50            android:launchMode="singleTask"
50-->src/main/AndroidManifest.xml:20:9-40
51            android:windowSoftInputMode="adjustResize" >
51-->src/main/AndroidManifest.xml:21:9-51
52            <intent-filter>
52-->src/main/AndroidManifest.xml:23:9-26:25
53                <action android:name="android.intent.action.MAIN" />
53-->src/main/AndroidManifest.xml:24:13-65
53-->src/main/AndroidManifest.xml:24:21-62
54
55                <category android:name="android.intent.category.LAUNCHER" />
55-->src/main/AndroidManifest.xml:25:13-73
55-->src/main/AndroidManifest.xml:25:23-70
56            </intent-filter>
57        </activity>
58
59        <provider
59-->[:react-native-image-crop-picker] AndroidManifest.xml:16:9-24:20
60            android:name="com.reactnative.ivpusic.imagepicker.IvpusicImagePickerFileProvider"
60-->[:react-native-image-crop-picker] AndroidManifest.xml:17:13-94
61            android:authorities="com.magghub.provider"
61-->[:react-native-image-crop-picker] AndroidManifest.xml:18:13-60
62            android:exported="false"
62-->[:react-native-image-crop-picker] AndroidManifest.xml:19:13-37
63            android:grantUriPermissions="true" >
63-->[:react-native-image-crop-picker] AndroidManifest.xml:20:13-47
64            <meta-data
64-->[:react-native-image-crop-picker] AndroidManifest.xml:21:13-23:78
65                android:name="android.support.FILE_PROVIDER_PATHS"
65-->[:react-native-image-crop-picker] AndroidManifest.xml:22:17-67
66                android:resource="@xml/ivpusic_imagepicker_provider_paths" />
66-->[:react-native-image-crop-picker] AndroidManifest.xml:23:17-75
67        </provider>
68
69        <activity
69-->[:react-native-image-crop-picker] AndroidManifest.xml:26:9-28:72
70            android:name="com.yalantis.ucrop.UCropActivity"
70-->[:react-native-image-crop-picker] AndroidManifest.xml:27:13-60
71            android:theme="@style/Theme.AppCompat.Light.NoActionBar" />
71-->[:react-native-image-crop-picker] AndroidManifest.xml:28:13-69
72
73        <provider
73-->[:react-native-image-picker] AndroidManifest.xml:8:9-16:20
74            android:name="com.imagepicker.ImagePickerProvider"
74-->[:react-native-image-picker] AndroidManifest.xml:9:13-63
75            android:authorities="com.magghub.imagepickerprovider"
75-->[:react-native-image-picker] AndroidManifest.xml:10:13-71
76            android:exported="false"
76-->[:react-native-image-picker] AndroidManifest.xml:11:13-37
77            android:grantUriPermissions="true" >
77-->[:react-native-image-picker] AndroidManifest.xml:12:13-47
78            <meta-data
78-->[:react-native-image-crop-picker] AndroidManifest.xml:21:13-23:78
79                android:name="android.support.FILE_PROVIDER_PATHS"
79-->[:react-native-image-crop-picker] AndroidManifest.xml:22:17-67
80                android:resource="@xml/imagepicker_provider_paths" />
80-->[:react-native-image-crop-picker] AndroidManifest.xml:23:17-75
81        </provider>
82
83        <activity
83-->[com.facebook.react:react-android:0.73.6] AndroidManifest.xml:19:9-21:40
84            android:name="com.facebook.react.devsupport.DevSettingsActivity"
84-->[com.facebook.react:react-android:0.73.6] AndroidManifest.xml:20:13-77
85            android:exported="false" />
85-->[com.facebook.react:react-android:0.73.6] AndroidManifest.xml:21:13-37
86
87        <provider
87-->[androidx.emoji2:emoji2:1.2.0] AndroidManifest.xml:24:9-32:20
88            android:name="androidx.startup.InitializationProvider"
88-->[androidx.emoji2:emoji2:1.2.0] AndroidManifest.xml:25:13-67
89            android:authorities="com.magghub.androidx-startup"
89-->[androidx.emoji2:emoji2:1.2.0] AndroidManifest.xml:26:13-68
90            android:exported="false" >
90-->[androidx.emoji2:emoji2:1.2.0] AndroidManifest.xml:27:13-37
91            <meta-data
91-->[androidx.emoji2:emoji2:1.2.0] AndroidManifest.xml:29:13-31:52
92                android:name="androidx.emoji2.text.EmojiCompatInitializer"
92-->[androidx.emoji2:emoji2:1.2.0] AndroidManifest.xml:30:17-75
93                android:value="androidx.startup" />
93-->[androidx.emoji2:emoji2:1.2.0] AndroidManifest.xml:31:17-49
94            <meta-data
94-->[androidx.lifecycle:lifecycle-process:2.4.1] AndroidManifest.xml:31:13-33:52
95                android:name="androidx.lifecycle.ProcessLifecycleInitializer"
95-->[androidx.lifecycle:lifecycle-process:2.4.1] AndroidManifest.xml:32:17-78
96                android:value="androidx.startup" />
96-->[androidx.lifecycle:lifecycle-process:2.4.1] AndroidManifest.xml:33:17-49
97        </provider>
98
99        <meta-data
99-->[com.facebook.soloader:soloader:0.10.5] AndroidManifest.xml:12:9-14:37
100            android:name="com.facebook.soloader.enabled"
100-->[com.facebook.soloader:soloader:0.10.5] AndroidManifest.xml:13:13-57
101            android:value="false" />
101-->[com.facebook.soloader:soloader:0.10.5] AndroidManifest.xml:14:13-34
102    </application>
103
104</manifest>